{"C:\\Data\\react-magic\\app\\configureStore.js": {"path":"C:\\Data\\react-magic\\app\\configureStore.js","statementMap":{"0":{"start":{"line":11,"column":23},"end":{"line":11,"column":45}},"1":{"start":{"line":17,"column":22},"end":{"line":20,"column":3}},"2":{"start":{"line":22,"column":20},"end":{"line":24,"column":3}},"3":{"start":{"line":29,"column":4},"end":{"line":37,"column":15}},"4":{"start":{"line":40,"column":16},"end":{"line":44,"column":3}},"5":{"start":{"line":47,"column":2},"end":{"line":47,"column":37}},"6":{"start":{"line":48,"column":2},"end":{"line":48,"column":30}},"7":{"start":{"line":49,"column":2},"end":{"line":49,"column":27}},"8":{"start":{"line":59,"column":2},"end":{"line":59,"column":15}}},"fnMap":{"0":{"name":"configureStore","decl":{"start":{"line":13,"column":24},"end":{"line":13,"column":38}},"loc":{"start":{"line":13,"column":67},"end":{"line":60,"column":1}},"line":13}},"branchMap":{"0":{"loc":{"start":{"line":13,"column":39},"end":{"line":13,"column":56}},"type":"default-arg","locations":[{"start":{"line":13,"column":54},"end":{"line":13,"column":56}}],"line":13},"1":{"loc":{"start":{"line":29,"column":4},"end":{"line":37,"column":15}},"type":"cond-expr","locations":[{"start":{"line":32,"column":8},"end":{"line":36,"column":8}},{"start":{"line":37,"column":8},"end":{"line":37,"column":15}}],"line":29},"2":{"loc":{"start":{"line":29,"column":4},"end":{"line":31,"column":47}},"type":"binary-expr","locations":[{"start":{"line":29,"column":4},"end":{"line":29,"column":41}},{"start":{"line":30,"column":4},"end":{"line":30,"column":30}},{"start":{"line":31,"column":4},"end":{"line":31,"column":47}}],"line":29}},"s":{"0":6,"1":39,"2":39,"3":39,"4":39,"5":39,"6":39,"7":39,"8":39},"f":{"0":39},"b":{"0":[1],"1":[1,38],"2":[39,39,39]},"_coverageSchema":"332fd63041d2c1bcb487cc26dd0d5f7d97098a6c","hash":"b4e3dc32fdbd1aa4fa920b258fd46d82cea88ab0"}
,"C:\\Data\\react-magic\\app\\i18n.js": {"path":"C:\\Data\\react-magic\\app\\i18n.js","statementMap":{"0":{"start":{"line":13,"column":26},"end":{"line":15,"column":1}},"1":{"start":{"line":17,"column":0},"end":{"line":17,"column":28}},"2":{"start":{"line":19,"column":41},"end":{"line":30,"column":1}},"3":{"start":{"line":20,"column":35},"end":{"line":22,"column":8}},"4":{"start":{"line":23,"column":2},"end":{"line":29,"column":9}},"5":{"start":{"line":24,"column":18},"end":{"line":24,"column":31}},"6":{"start":{"line":25,"column":4},"end":{"line":27,"column":5}},"7":{"start":{"line":26,"column":6},"end":{"line":26,"column":46}},"8":{"start":{"line":28,"column":4},"end":{"line":28,"column":64}},"9":{"start":{"line":32,"column":35},"end":{"line":34,"column":1}}},"fnMap":{"0":{"name":"(anonymous_0)","decl":{"start":{"line":19,"column":41},"end":{"line":19,"column":42}},"loc":{"start":{"line":19,"column":63},"end":{"line":30,"column":1}},"line":19},"1":{"name":"(anonymous_1)","decl":{"start":{"line":23,"column":38},"end":{"line":23,"column":39}},"loc":{"start":{"line":23,"column":66},"end":{"line":29,"column":3}},"line":23}},"branchMap":{"0":{"loc":{"start":{"line":20,"column":35},"end":{"line":22,"column":8}},"type":"cond-expr","locations":[{"start":{"line":21,"column":6},"end":{"line":21,"column":70}},{"start":{"line":22,"column":6},"end":{"line":22,"column":8}}],"line":20},"1":{"loc":{"start":{"line":25,"column":4},"end":{"line":27,"column":5}},"type":"if","locations":[{"start":{"line":25,"column":4},"end":{"line":27,"column":5}},{"start":{"line":25,"column":4},"end":{"line":27,"column":5}}],"line":25},"2":{"loc":{"start":{"line":25,"column":8},"end":{"line":25,"column":45}},"type":"binary-expr","locations":[{"start":{"line":25,"column":8},"end":{"line":25,"column":16}},{"start":{"line":25,"column":20},"end":{"line":25,"column":45}}],"line":25}},"s":{"0":2,"1":2,"2":2,"3":5,"4":5,"5":7,"6":7,"7":1,"8":7,"9":2},"f":{"0":5,"1":7},"b":{"0":[1,4],"1":[1,6],"2":[7,1]},"_coverageSchema":"332fd63041d2c1bcb487cc26dd0d5f7d97098a6c","hash":"0fc75e184207bccc7858402d8fee4e7e716f2aab"}
,"C:\\Data\\react-magic\\app\\reducers.js": {"path":"C:\\Data\\react-magic\\app\\reducers.js","statementMap":{"0":{"start":{"line":20,"column":26},"end":{"line":22,"column":2}},"1":{"start":{"line":28,"column":2},"end":{"line":36,"column":3}},"2":{"start":{"line":35,"column":6},"end":{"line":35,"column":19}},"3":{"start":{"line":43,"column":2},"end":{"line":47,"column":5}}},"fnMap":{"0":{"name":"routeReducer","decl":{"start":{"line":27,"column":9},"end":{"line":27,"column":21}},"loc":{"start":{"line":27,"column":57},"end":{"line":37,"column":1}},"line":27},"1":{"name":"createReducer","decl":{"start":{"line":42,"column":24},"end":{"line":42,"column":37}},"loc":{"start":{"line":42,"column":56},"end":{"line":48,"column":1}},"line":42}},"branchMap":{"0":{"loc":{"start":{"line":27,"column":22},"end":{"line":27,"column":47}},"type":"default-arg","locations":[{"start":{"line":27,"column":30},"end":{"line":27,"column":47}}],"line":27},"1":{"loc":{"start":{"line":28,"column":2},"end":{"line":36,"column":3}},"type":"switch","locations":[{"start":{"line":34,"column":4},"end":{"line":35,"column":19}}],"line":28}},"s":{"0":6,"1":49,"2":49,"3":44},"f":{"0":49,"1":44},"b":{"0":[39],"1":[49]},"_coverageSchema":"332fd63041d2c1bcb487cc26dd0d5f7d97098a6c","hash":"b6bb493b6971d7b25fb3552af0e9affe600de703"}
,"C:\\Data\\react-magic\\app\\components\\Article\\index.js": {"path":"C:\\Data\\react-magic\\app\\components\\Article\\index.js","statementMap":{"0":{"start":{"line":1,"column":13},"end":{"line":1,"column":75}},"1":{"start":{"line":7,"column":13},"end":{"line":7,"column":29}},"2":{"start":{"line":7,"column":44},"end":{"line":7,"column":74}},"3":{"start":{"line":10,"column":17},"end":{"line":10,"column":38}},"4":{"start":{"line":11,"column":16},"end":{"line":11,"column":37}},"5":{"start":{"line":11,"column":55},"end":{"line":11,"column":88}},"6":{"start":{"line":11,"column":127},"end":{"line":11,"column":181}},"7":{"start":{"line":14,"column":2},"end":{"line":16,"column":94}},"8":{"start":{"line":23,"column":4},"end":{"line":23,"column":27}},"9":{"start":{"line":23,"column":27},"end":{"line":25,"column":8}}},"fnMap":{"0":{"name":"_interopRequireDefault","decl":{"start":{"line":11,"column":98},"end":{"line":11,"column":120}},"loc":{"start":{"line":11,"column":126},"end":{"line":11,"column":182}},"line":11},"1":{"name":"Article","decl":{"start":{"line":13,"column":9},"end":{"line":13,"column":16}},"loc":{"start":{"line":13,"column":19},"end":{"line":19,"column":1}},"line":13}},"branchMap":{"0":{"loc":{"start":{"line":11,"column":134},"end":{"line":11,"column":180}},"type":"cond-expr","locations":[{"start":{"line":11,"column":158},"end":{"line":11,"column":161}},{"start":{"line":11,"column":164},"end":{"line":11,"column":180}}],"line":11},"1":{"loc":{"start":{"line":11,"column":134},"end":{"line":11,"column":155}},"type":"binary-expr","locations":[{"start":{"line":11,"column":134},"end":{"line":11,"column":137}},{"start":{"line":11,"column":141},"end":{"line":11,"column":155}}],"line":11}},"s":{"0":0,"1":0,"2":0,"3":0,"4":0,"5":0,"6":0,"7":0,"8":0,"9":0},"f":{"0":0,"1":0},"b":{"0":[0,0],"1":[0,0]}}
,"C:\\Data\\react-magic\\app\\components\\Article\\messages.js": {"path":"C:\\Data\\react-magic\\app\\components\\Article\\messages.js","statementMap":{"0":{"start":{"line":1,"column":13},"end":{"line":1,"column":75}},"1":{"start":{"line":6,"column":17},"end":{"line":6,"column":38}},"2":{"start":{"line":6,"column":39},"end":{"line":11,"column":59}}},"fnMap":{},"branchMap":{},"s":{"0":0,"1":0,"2":0},"f":{},"b":{}}
,"C:\\Data\\react-magic\\app\\containers\\App\\constants.js": {"path":"C:\\Data\\react-magic\\app\\containers\\App\\constants.js","statementMap":{"0":{"start":{"line":12,"column":30},"end":{"line":12,"column":34}}},"fnMap":{},"branchMap":{},"s":{"0":8},"f":{},"b":{},"_coverageSchema":"332fd63041d2c1bcb487cc26dd0d5f7d97098a6c","hash":"a8d77c388be252f1c2e1199d8885dfed78aea76f"}
,"C:\\Data\\react-magic\\app\\containers\\App\\index.js": {"path":"C:\\Data\\react-magic\\app\\containers\\App\\index.js","statementMap":{"0":{"start":{"line":21,"column":2},"end":{"line":28,"column":4}}},"fnMap":{"0":{"name":"App","decl":{"start":{"line":20,"column":24},"end":{"line":20,"column":27}},"loc":{"start":{"line":20,"column":30},"end":{"line":29,"column":1}},"line":20}},"branchMap":{},"s":{"0":1},"f":{"0":1},"b":{},"_coverageSchema":"332fd63041d2c1bcb487cc26dd0d5f7d97098a6c","hash":"3caf5d3676d94d8aa2ddf41c36f960f66461ea3a"}
,"C:\\Data\\react-magic\\app\\containers\\App\\selectors.js": {"path":"C:\\Data\\react-magic\\app\\containers\\App\\selectors.js","statementMap":{"0":{"start":{"line":3,"column":20},"end":{"line":3,"column":49}},"1":{"start":{"line":3,"column":31},"end":{"line":3,"column":49}},"2":{"start":{"line":5,"column":27},"end":{"line":8,"column":1}},"3":{"start":{"line":5,"column":33},"end":{"line":8,"column":1}},"4":{"start":{"line":7,"column":18},"end":{"line":7,"column":51}}},"fnMap":{"0":{"name":"(anonymous_0)","decl":{"start":{"line":3,"column":20},"end":{"line":3,"column":21}},"loc":{"start":{"line":3,"column":31},"end":{"line":3,"column":49}},"line":3},"1":{"name":"(anonymous_1)","decl":{"start":{"line":5,"column":27},"end":{"line":5,"column":28}},"loc":{"start":{"line":5,"column":33},"end":{"line":8,"column":1}},"line":5},"2":{"name":"(anonymous_2)","decl":{"start":{"line":7,"column":2},"end":{"line":7,"column":3}},"loc":{"start":{"line":7,"column":18},"end":{"line":7,"column":51}},"line":7}},"branchMap":{},"s":{"0":1,"1":1,"2":1,"3":1,"4":1},"f":{"0":1,"1":1,"2":1},"b":{},"_coverageSchema":"332fd63041d2c1bcb487cc26dd0d5f7d97098a6c","hash":"680e07dccc15ad4e97de9c7f247a56dbf2896911"}
,"C:\\Data\\react-magic\\app\\containers\\HomePage\\index.js": {"path":"C:\\Data\\react-magic\\app\\containers\\HomePage\\index.js","statementMap":{"0":{"start":{"line":18,"column":4},"end":{"line":22,"column":6}}},"fnMap":{"0":{"name":"(anonymous_0)","decl":{"start":{"line":17,"column":2},"end":{"line":17,"column":3}},"loc":{"start":{"line":17,"column":11},"end":{"line":23,"column":3}},"line":17}},"branchMap":{},"s":{"0":1},"f":{"0":1},"b":{},"_coverageSchema":"332fd63041d2c1bcb487cc26dd0d5f7d97098a6c","hash":"64492807bb8e13a1e33207703e23d0db5deb9613"}
,"C:\\Data\\react-magic\\app\\containers\\HomePage\\messages.js": {"path":"C:\\Data\\react-magic\\app\\containers\\HomePage\\messages.js","statementMap":{},"fnMap":{},"branchMap":{},"s":{},"f":{},"b":{},"_coverageSchema":"332fd63041d2c1bcb487cc26dd0d5f7d97098a6c","hash":"a49134eb01eacde46ef2751e467159c0af161237"}
,"C:\\Data\\react-magic\\app\\containers\\LanguageProvider\\actions.js": {"path":"C:\\Data\\react-magic\\app\\containers\\LanguageProvider\\actions.js","statementMap":{"0":{"start":{"line":12,"column":2},"end":{"line":15,"column":4}}},"fnMap":{"0":{"name":"changeLocale","decl":{"start":{"line":11,"column":16},"end":{"line":11,"column":28}},"loc":{"start":{"line":11,"column":45},"end":{"line":16,"column":1}},"line":11}},"branchMap":{},"s":{"0":1},"f":{"0":1},"b":{},"_coverageSchema":"332fd63041d2c1bcb487cc26dd0d5f7d97098a6c","hash":"fb6f6bfb4267d801e691154eaabf7eb064b78982"}
,"C:\\Data\\react-magic\\app\\containers\\LanguageProvider\\constants.js": {"path":"C:\\Data\\react-magic\\app\\containers\\LanguageProvider\\constants.js","statementMap":{"0":{"start":{"line":7,"column":29},"end":{"line":7,"column":63}},"1":{"start":{"line":8,"column":30},"end":{"line":8,"column":34}}},"fnMap":{},"branchMap":{},"s":{"0":8,"1":8},"f":{},"b":{},"_coverageSchema":"332fd63041d2c1bcb487cc26dd0d5f7d97098a6c","hash":"a8ac84118bfe10b2331b79528140293bd40cac10"}
,"C:\\Data\\react-magic\\app\\containers\\LanguageProvider\\index.js": {"path":"C:\\Data\\react-magic\\app\\containers\\LanguageProvider\\index.js","statementMap":{"0":{"start":{"line":19,"column":4},"end":{"line":23,"column":6}},"1":{"start":{"line":27,"column":0},"end":{"line":31,"column":2}},"2":{"start":{"line":34,"column":24},"end":{"line":37,"column":1}},"3":{"start":{"line":36,"column":15},"end":{"line":36,"column":25}},"4":{"start":{"line":40,"column":2},"end":{"line":42,"column":4}}},"fnMap":{"0":{"name":"(anonymous_0)","decl":{"start":{"line":18,"column":2},"end":{"line":18,"column":3}},"loc":{"start":{"line":18,"column":11},"end":{"line":24,"column":3}},"line":18},"1":{"name":"(anonymous_1)","decl":{"start":{"line":36,"column":2},"end":{"line":36,"column":3}},"loc":{"start":{"line":36,"column":15},"end":{"line":36,"column":25}},"line":36},"2":{"name":"mapDispatchToProps","decl":{"start":{"line":39,"column":9},"end":{"line":39,"column":27}},"loc":{"start":{"line":39,"column":38},"end":{"line":43,"column":1}},"line":39}},"branchMap":{},"s":{"0":2,"1":1,"2":1,"3":1,"4":1},"f":{"0":2,"1":1,"2":1},"b":{},"_coverageSchema":"332fd63041d2c1bcb487cc26dd0d5f7d97098a6c","hash":"8a4d3b245f0349b37d2ddf87452015b673c1d1a7"}
,"C:\\Data\\react-magic\\app\\containers\\LanguageProvider\\reducer.js": {"path":"C:\\Data\\react-magic\\app\\containers\\LanguageProvider\\reducer.js","statementMap":{"0":{"start":{"line":16,"column":21},"end":{"line":18,"column":2}},"1":{"start":{"line":21,"column":2},"end":{"line":27,"column":3}},"2":{"start":{"line":23,"column":6},"end":{"line":24,"column":38}},"3":{"start":{"line":26,"column":6},"end":{"line":26,"column":19}}},"fnMap":{"0":{"name":"languageProviderReducer","decl":{"start":{"line":20,"column":9},"end":{"line":20,"column":32}},"loc":{"start":{"line":20,"column":63},"end":{"line":28,"column":1}},"line":20}},"branchMap":{"0":{"loc":{"start":{"line":20,"column":33},"end":{"line":20,"column":53}},"type":"default-arg","locations":[{"start":{"line":20,"column":41},"end":{"line":20,"column":53}}],"line":20},"1":{"loc":{"start":{"line":21,"column":2},"end":{"line":27,"column":3}},"type":"switch","locations":[{"start":{"line":22,"column":4},"end":{"line":24,"column":38}},{"start":{"line":25,"column":4},"end":{"line":26,"column":19}}],"line":21}},"s":{"0":7,"1":51,"2":1,"3":50},"f":{"0":51},"b":{"0":[41],"1":[1,50]},"_coverageSchema":"332fd63041d2c1bcb487cc26dd0d5f7d97098a6c","hash":"f3ce1408c41043bb163dbfd4057cc45c8ba24c08"}
,"C:\\Data\\react-magic\\app\\containers\\LanguageProvider\\selectors.js": {"path":"C:\\Data\\react-magic\\app\\containers\\LanguageProvider\\selectors.js","statementMap":{"0":{"start":{"line":6,"column":23},"end":{"line":6,"column":55}},"1":{"start":{"line":6,"column":34},"end":{"line":6,"column":55}},"2":{"start":{"line":12,"column":25},"end":{"line":15,"column":1}},"3":{"start":{"line":12,"column":31},"end":{"line":15,"column":1}},"4":{"start":{"line":14,"column":21},"end":{"line":14,"column":48}}},"fnMap":{"0":{"name":"(anonymous_0)","decl":{"start":{"line":6,"column":23},"end":{"line":6,"column":24}},"loc":{"start":{"line":6,"column":34},"end":{"line":6,"column":55}},"line":6},"1":{"name":"(anonymous_1)","decl":{"start":{"line":12,"column":25},"end":{"line":12,"column":26}},"loc":{"start":{"line":12,"column":31},"end":{"line":15,"column":1}},"line":12},"2":{"name":"(anonymous_2)","decl":{"start":{"line":14,"column":2},"end":{"line":14,"column":3}},"loc":{"start":{"line":14,"column":21},"end":{"line":14,"column":48}},"line":14}},"branchMap":{},"s":{"0":2,"1":2,"2":2,"3":1,"4":1},"f":{"0":2,"1":1,"2":1},"b":{},"_coverageSchema":"332fd63041d2c1bcb487cc26dd0d5f7d97098a6c","hash":"2f49508010c0b6d64c87855eae42327f361189b9"}
,"C:\\Data\\react-magic\\app\\containers\\NotFoundPage\\index.js": {"path":"C:\\Data\\react-magic\\app\\containers\\NotFoundPage\\index.js","statementMap":{"0":{"start":{"line":19,"column":4},"end":{"line":23,"column":6}}},"fnMap":{"0":{"name":"(anonymous_0)","decl":{"start":{"line":18,"column":2},"end":{"line":18,"column":3}},"loc":{"start":{"line":18,"column":11},"end":{"line":24,"column":3}},"line":18}},"branchMap":{},"s":{"0":1},"f":{"0":1},"b":{},"_coverageSchema":"332fd63041d2c1bcb487cc26dd0d5f7d97098a6c","hash":"f9fd0804c2203c603a2102b7d1440f4f06aa980a"}
,"C:\\Data\\react-magic\\app\\containers\\NotFoundPage\\messages.js": {"path":"C:\\Data\\react-magic\\app\\containers\\NotFoundPage\\messages.js","statementMap":{},"fnMap":{},"branchMap":{},"s":{},"f":{},"b":{},"_coverageSchema":"332fd63041d2c1bcb487cc26dd0d5f7d97098a6c","hash":"0f7114b1c416fadccb3b7fae13a42b3ee54a8335"}
,"C:\\Data\\react-magic\\app\\utils\\checkStore.js": {"path":"C:\\Data\\react-magic\\app\\utils\\checkStore.js","statementMap":{"0":{"start":{"line":10,"column":16},"end":{"line":18,"column":3}},"1":{"start":{"line":19,"column":2},"end":{"line":22,"column":4}}},"fnMap":{"0":{"name":"checkStore","decl":{"start":{"line":9,"column":24},"end":{"line":9,"column":34}},"loc":{"start":{"line":9,"column":42},"end":{"line":23,"column":1}},"line":9}},"branchMap":{},"s":{"0":13,"1":13},"f":{"0":13},"b":{},"_coverageSchema":"332fd63041d2c1bcb487cc26dd0d5f7d97098a6c","hash":"94d68333cfcdbec2d1dfcd283a6c6a6aed4502a1"}
,"C:\\Data\\react-magic\\app\\utils\\constants.js": {"path":"C:\\Data\\react-magic\\app\\utils\\constants.js","statementMap":{"0":{"start":{"line":1,"column":34},"end":{"line":1,"column":70}},"1":{"start":{"line":2,"column":22},"end":{"line":2,"column":46}},"2":{"start":{"line":3,"column":33},"end":{"line":3,"column":68}}},"fnMap":{},"branchMap":{},"s":{"0":2,"1":2,"2":2},"f":{},"b":{},"_coverageSchema":"332fd63041d2c1bcb487cc26dd0d5f7d97098a6c","hash":"235866870a5b614a62fedff4f7f839bd15f5ea4a"}
,"C:\\Data\\react-magic\\app\\utils\\injectReducer.js": {"path":"C:\\Data\\react-magic\\app\\utils\\injectReducer.js","statementMap":{"0":{"start":{"line":14,"column":37},"end":{"line":36,"column":1}},"1":{"start":{"line":23,"column":32},"end":{"line":23,"column":46}},"2":{"start":{"line":25,"column":6},"end":{"line":25,"column":34}},"3":{"start":{"line":31,"column":6},"end":{"line":31,"column":50}},"4":{"start":{"line":35,"column":2},"end":{"line":35,"column":65}}},"fnMap":{"0":{"name":"(anonymous_0)","decl":{"start":{"line":14,"column":15},"end":{"line":14,"column":16}},"loc":{"start":{"line":14,"column":37},"end":{"line":36,"column":1}},"line":14},"1":{"name":"(anonymous_1)","decl":{"start":{"line":14,"column":37},"end":{"line":14,"column":38}},"loc":{"start":{"line":14,"column":59},"end":{"line":36,"column":1}},"line":14},"2":{"name":"(anonymous_2)","decl":{"start":{"line":22,"column":4},"end":{"line":22,"column":5}},"loc":{"start":{"line":22,"column":25},"end":{"line":26,"column":5}},"line":22},"3":{"name":"(anonymous_3)","decl":{"start":{"line":30,"column":4},"end":{"line":30,"column":5}},"loc":{"start":{"line":30,"column":13},"end":{"line":32,"column":5}},"line":30}},"branchMap":{"0":{"loc":{"start":{"line":20,"column":41},"end":{"line":20,"column":109}},"type":"binary-expr","locations":[{"start":{"line":20,"column":41},"end":{"line":20,"column":69}},{"start":{"line":20,"column":73},"end":{"line":20,"column":94}},{"start":{"line":20,"column":98},"end":{"line":20,"column":109}}],"line":20}},"s":{"0":4,"1":2,"2":2,"3":2,"4":4},"f":{"0":4,"1":4,"2":2,"3":2},"b":{"0":[4,4,1]},"_coverageSchema":"332fd63041d2c1bcb487cc26dd0d5f7d97098a6c","hash":"3f683ae05e79a43be52f85de5b9e0633d0769e6e"}
,"C:\\Data\\react-magic\\app\\utils\\injectSaga.js": {"path":"C:\\Data\\react-magic\\app\\utils\\injectSaga.js","statementMap":{"0":{"start":{"line":18,"column":40},"end":{"line":46,"column":1}},"1":{"start":{"line":27,"column":29},"end":{"line":27,"column":43}},"2":{"start":{"line":29,"column":6},"end":{"line":29,"column":50}},"3":{"start":{"line":33,"column":28},"end":{"line":33,"column":42}},"4":{"start":{"line":35,"column":6},"end":{"line":35,"column":21}},"5":{"start":{"line":41,"column":6},"end":{"line":41,"column":50}},"6":{"start":{"line":45,"column":2},"end":{"line":45,"column":60}}},"fnMap":{"0":{"name":"(anonymous_0)","decl":{"start":{"line":18,"column":15},"end":{"line":18,"column":16}},"loc":{"start":{"line":18,"column":40},"end":{"line":46,"column":1}},"line":18},"1":{"name":"(anonymous_1)","decl":{"start":{"line":18,"column":40},"end":{"line":18,"column":41}},"loc":{"start":{"line":18,"column":62},"end":{"line":46,"column":1}},"line":18},"2":{"name":"(anonymous_2)","decl":{"start":{"line":26,"column":4},"end":{"line":26,"column":5}},"loc":{"start":{"line":26,"column":25},"end":{"line":30,"column":5}},"line":26},"3":{"name":"(anonymous_3)","decl":{"start":{"line":32,"column":4},"end":{"line":32,"column":5}},"loc":{"start":{"line":32,"column":27},"end":{"line":36,"column":5}},"line":32},"4":{"name":"(anonymous_4)","decl":{"start":{"line":40,"column":4},"end":{"line":40,"column":5}},"loc":{"start":{"line":40,"column":13},"end":{"line":42,"column":5}},"line":40}},"branchMap":{"0":{"loc":{"start":{"line":24,"column":38},"end":{"line":24,"column":106}},"type":"binary-expr","locations":[{"start":{"line":24,"column":38},"end":{"line":24,"column":66}},{"start":{"line":24,"column":70},"end":{"line":24,"column":91}},{"start":{"line":24,"column":95},"end":{"line":24,"column":106}}],"line":24}},"s":{"0":5,"1":3,"2":3,"3":1,"4":1,"5":3,"6":5},"f":{"0":5,"1":5,"2":3,"3":1,"4":3},"b":{"0":[5,5,1]},"_coverageSchema":"332fd63041d2c1bcb487cc26dd0d5f7d97098a6c","hash":"2bc18e681746af3eda176ee4a01400489a02cf90"}
,"C:\\Data\\react-magic\\app\\utils\\reducerInjectors.js": {"path":"C:\\Data\\react-magic\\app\\utils\\reducerInjectors.js","statementMap":{"0":{"start":{"line":10,"column":2},"end":{"line":23,"column":4}},"1":{"start":{"line":11,"column":4},"end":{"line":11,"column":36}},"2":{"start":{"line":11,"column":18},"end":{"line":11,"column":36}},"3":{"start":{"line":13,"column":4},"end":{"line":16,"column":6}},"4":{"start":{"line":19,"column":4},"end":{"line":19,"column":100}},"5":{"start":{"line":19,"column":93},"end":{"line":19,"column":100}},"6":{"start":{"line":21,"column":4},"end":{"line":21,"column":42}},"7":{"start":{"line":22,"column":4},"end":{"line":22,"column":64}},"8":{"start":{"line":27,"column":2},"end":{"line":27,"column":20}},"9":{"start":{"line":29,"column":2},"end":{"line":31,"column":4}}},"fnMap":{"0":{"name":"injectReducerFactory","decl":{"start":{"line":9,"column":16},"end":{"line":9,"column":36}},"loc":{"start":{"line":9,"column":53},"end":{"line":24,"column":1}},"line":9},"1":{"name":"injectReducer","decl":{"start":{"line":10,"column":18},"end":{"line":10,"column":31}},"loc":{"start":{"line":10,"column":46},"end":{"line":23,"column":3}},"line":10},"2":{"name":"getInjectors","decl":{"start":{"line":26,"column":24},"end":{"line":26,"column":36}},"loc":{"start":{"line":26,"column":44},"end":{"line":32,"column":1}},"line":26}},"branchMap":{"0":{"loc":{"start":{"line":11,"column":4},"end":{"line":11,"column":36}},"type":"if","locations":[{"start":{"line":11,"column":4},"end":{"line":11,"column":36}},{"start":{"line":11,"column":4},"end":{"line":11,"column":36}}],"line":11},"1":{"loc":{"start":{"line":14,"column":6},"end":{"line":14,"column":59}},"type":"binary-expr","locations":[{"start":{"line":14,"column":6},"end":{"line":14,"column":19}},{"start":{"line":14,"column":23},"end":{"line":14,"column":36}},{"start":{"line":14,"column":40},"end":{"line":14,"column":59}}],"line":14},"2":{"loc":{"start":{"line":19,"column":4},"end":{"line":19,"column":100}},"type":"if","locations":[{"start":{"line":19,"column":4},"end":{"line":19,"column":100}},{"start":{"line":19,"column":4},"end":{"line":19,"column":100}}],"line":19},"3":{"loc":{"start":{"line":19,"column":8},"end":{"line":19,"column":91}},"type":"binary-expr","locations":[{"start":{"line":19,"column":8},"end":{"line":19,"column":48}},{"start":{"line":19,"column":52},"end":{"line":19,"column":91}}],"line":19}},"s":{"0":8,"1":10,"2":1,"3":9,"4":6,"5":1,"6":5,"7":5,"8":2,"9":1},"f":{"0":8,"1":10,"2":2},"b":{"0":[1,9],"1":[9,7,6],"2":[1,5],"3":[6,2]},"_coverageSchema":"332fd63041d2c1bcb487cc26dd0d5f7d97098a6c","hash":"bbaf8600b8378b2785692593e5168193093ef422"}
,"C:\\Data\\react-magic\\app\\utils\\sagaInjectors.js": {"path":"C:\\Data\\react-magic\\app\\utils\\sagaInjectors.js","statementMap":{"0":{"start":{"line":14,"column":21},"end":{"line":14,"column":68}},"1":{"start":{"line":16,"column":17},"end":{"line":19,"column":1}},"2":{"start":{"line":16,"column":26},"end":{"line":19,"column":1}},"3":{"start":{"line":21,"column":24},"end":{"line":30,"column":1}},"4":{"start":{"line":22,"column":16},"end":{"line":25,"column":3}},"5":{"start":{"line":24,"column":20},"end":{"line":24,"column":65}},"6":{"start":{"line":26,"column":2},"end":{"line":29,"column":4}},"7":{"start":{"line":33,"column":2},"end":{"line":56,"column":4}},"8":{"start":{"line":34,"column":4},"end":{"line":34,"column":36}},"9":{"start":{"line":34,"column":18},"end":{"line":34,"column":36}},"10":{"start":{"line":36,"column":26},"end":{"line":36,"column":88}},"11":{"start":{"line":37,"column":27},"end":{"line":37,"column":40}},"12":{"start":{"line":39,"column":4},"end":{"line":39,"column":18}},"13":{"start":{"line":40,"column":4},"end":{"line":40,"column":35}},"14":{"start":{"line":42,"column":18},"end":{"line":42,"column":55}},"15":{"start":{"line":44,"column":4},"end":{"line":51,"column":5}},"16":{"start":{"line":45,"column":28},"end":{"line":45,"column":52}},"17":{"start":{"line":47,"column":6},"end":{"line":50,"column":7}},"18":{"start":{"line":48,"column":8},"end":{"line":48,"column":36}},"19":{"start":{"line":49,"column":8},"end":{"line":49,"column":24}},"20":{"start":{"line":53,"column":4},"end":{"line":55,"column":5}},"21":{"start":{"line":54,"column":6},"end":{"line":54,"column":87}},"22":{"start":{"line":60,"column":2},"end":{"line":76,"column":4}},"23":{"start":{"line":61,"column":4},"end":{"line":61,"column":36}},"24":{"start":{"line":61,"column":18},"end":{"line":61,"column":36}},"25":{"start":{"line":63,"column":4},"end":{"line":63,"column":18}},"26":{"start":{"line":65,"column":4},"end":{"line":75,"column":5}},"27":{"start":{"line":66,"column":25},"end":{"line":66,"column":49}},"28":{"start":{"line":67,"column":6},"end":{"line":74,"column":7}},"29":{"start":{"line":68,"column":8},"end":{"line":68,"column":33}},"30":{"start":{"line":70,"column":8},"end":{"line":73,"column":9}},"31":{"start":{"line":72,"column":10},"end":{"line":72,"column":44}},"32":{"start":{"line":80,"column":2},"end":{"line":80,"column":20}},"33":{"start":{"line":82,"column":2},"end":{"line":85,"column":4}}},"fnMap":{"0":{"name":"(anonymous_0)","decl":{"start":{"line":16,"column":17},"end":{"line":16,"column":18}},"loc":{"start":{"line":16,"column":26},"end":{"line":19,"column":1}},"line":16},"1":{"name":"(anonymous_1)","decl":{"start":{"line":21,"column":24},"end":{"line":21,"column":25}},"loc":{"start":{"line":21,"column":40},"end":{"line":30,"column":1}},"line":21},"2":{"name":"(anonymous_2)","decl":{"start":{"line":24,"column":10},"end":{"line":24,"column":11}},"loc":{"start":{"line":24,"column":20},"end":{"line":24,"column":65}},"line":24},"3":{"name":"injectSagaFactory","decl":{"start":{"line":32,"column":16},"end":{"line":32,"column":33}},"loc":{"start":{"line":32,"column":50},"end":{"line":57,"column":1}},"line":32},"4":{"name":"injectSaga","decl":{"start":{"line":33,"column":18},"end":{"line":33,"column":28}},"loc":{"start":{"line":33,"column":57},"end":{"line":56,"column":3}},"line":33},"5":{"name":"ejectSagaFactory","decl":{"start":{"line":59,"column":16},"end":{"line":59,"column":32}},"loc":{"start":{"line":59,"column":49},"end":{"line":77,"column":1}},"line":59},"6":{"name":"ejectSaga","decl":{"start":{"line":60,"column":18},"end":{"line":60,"column":27}},"loc":{"start":{"line":60,"column":33},"end":{"line":76,"column":3}},"line":60},"7":{"name":"getInjectors","decl":{"start":{"line":79,"column":24},"end":{"line":79,"column":36}},"loc":{"start":{"line":79,"column":44},"end":{"line":86,"column":1}},"line":79}},"branchMap":{"0":{"loc":{"start":{"line":17,"column":2},"end":{"line":17,"column":32}},"type":"binary-expr","locations":[{"start":{"line":17,"column":2},"end":{"line":17,"column":15}},{"start":{"line":17,"column":19},"end":{"line":17,"column":32}}],"line":17},"1":{"loc":{"start":{"line":24,"column":20},"end":{"line":24,"column":65}},"type":"binary-expr","locations":[{"start":{"line":24,"column":20},"end":{"line":24,"column":34}},{"start":{"line":24,"column":38},"end":{"line":24,"column":65}}],"line":24},"2":{"loc":{"start":{"line":33,"column":34},"end":{"line":33,"column":49}},"type":"default-arg","locations":[{"start":{"line":33,"column":47},"end":{"line":33,"column":49}}],"line":33},"3":{"loc":{"start":{"line":34,"column":4},"end":{"line":34,"column":36}},"type":"if","locations":[{"start":{"line":34,"column":4},"end":{"line":34,"column":36}},{"start":{"line":34,"column":4},"end":{"line":34,"column":36}}],"line":34},"4":{"loc":{"start":{"line":36,"column":49},"end":{"line":36,"column":86}},"type":"binary-expr","locations":[{"start":{"line":36,"column":49},"end":{"line":36,"column":64}},{"start":{"line":36,"column":68},"end":{"line":36,"column":86}}],"line":36},"5":{"loc":{"start":{"line":44,"column":4},"end":{"line":51,"column":5}},"type":"if","locations":[{"start":{"line":44,"column":4},"end":{"line":51,"column":5}},{"start":{"line":44,"column":4},"end":{"line":51,"column":5}}],"line":44},"6":{"loc":{"start":{"line":47,"column":6},"end":{"line":50,"column":7}},"type":"if","locations":[{"start":{"line":47,"column":6},"end":{"line":50,"column":7}},{"start":{"line":47,"column":6},"end":{"line":50,"column":7}}],"line":47},"7":{"loc":{"start":{"line":47,"column":10},"end":{"line":47,"column":48}},"type":"binary-expr","locations":[{"start":{"line":47,"column":10},"end":{"line":47,"column":17}},{"start":{"line":47,"column":21},"end":{"line":47,"column":48}}],"line":47},"8":{"loc":{"start":{"line":53,"column":4},"end":{"line":55,"column":5}},"type":"if","locations":[{"start":{"line":53,"column":4},"end":{"line":55,"column":5}},{"start":{"line":53,"column":4},"end":{"line":55,"column":5}}],"line":53},"9":{"loc":{"start":{"line":53,"column":8},"end":{"line":53,"column":78}},"type":"binary-expr","locations":[{"start":{"line":53,"column":8},"end":{"line":53,"column":16}},{"start":{"line":53,"column":21},"end":{"line":53,"column":28}},{"start":{"line":53,"column":32},"end":{"line":53,"column":47}},{"start":{"line":53,"column":51},"end":{"line":53,"column":77}}],"line":53},"10":{"loc":{"start":{"line":61,"column":4},"end":{"line":61,"column":36}},"type":"if","locations":[{"start":{"line":61,"column":4},"end":{"line":61,"column":36}},{"start":{"line":61,"column":4},"end":{"line":61,"column":36}}],"line":61},"11":{"loc":{"start":{"line":65,"column":4},"end":{"line":75,"column":5}},"type":"if","locations":[{"start":{"line":65,"column":4},"end":{"line":75,"column":5}},{"start":{"line":65,"column":4},"end":{"line":75,"column":5}}],"line":65},"12":{"loc":{"start":{"line":67,"column":6},"end":{"line":74,"column":7}},"type":"if","locations":[{"start":{"line":67,"column":6},"end":{"line":74,"column":7}},{"start":{"line":67,"column":6},"end":{"line":74,"column":7}}],"line":67},"13":{"loc":{"start":{"line":70,"column":8},"end":{"line":73,"column":9}},"type":"if","locations":[{"start":{"line":70,"column":8},"end":{"line":73,"column":9}},{"start":{"line":70,"column":8},"end":{"line":73,"column":9}}],"line":70}},"s":{"0":2,"1":2,"2":36,"3":2,"4":24,"5":24,"6":24,"7":21,"8":27,"9":1,"10":26,"11":26,"12":26,"13":24,"14":20,"15":20,"16":16,"17":16,"18":1,"19":1,"20":20,"21":15,"22":21,"23":11,"24":1,"25":10,"26":8,"27":7,"28":7,"29":4,"30":4,"31":2,"32":2,"33":1},"f":{"0":36,"1":24,"2":24,"3":21,"4":27,"5":21,"6":11,"7":2},"b":{"0":[36,34],"1":[24,23],"2":[1],"3":[1,26],"4":[26,10],"5":[16,4],"6":[1,15],"7":[16,5],"8":[15,5],"9":[20,5,5,2],"10":[1,10],"11":[7,1],"12":[4,3],"13":[2,2]},"_coverageSchema":"332fd63041d2c1bcb487cc26dd0d5f7d97098a6c","hash":"6ee18f3d733ff5b7504cc6b531d61aad0a7de941"}
}
