TN:
SF:C:\Data\react-magic\app\configureStore.js
FN:13,configureStore
FNF:1
FNH:1
FNDA:39,configureStore
DA:11,6
DA:17,39
DA:22,39
DA:29,39
DA:40,39
DA:47,39
DA:48,39
DA:49,39
DA:59,39
LF:9
LH:9
BRDA:13,0,0,1
BRDA:29,1,0,1
BRDA:29,1,1,38
BRDA:29,2,0,39
BRDA:29,2,1,39
BRDA:29,2,2,39
BRF:6
BRH:6
end_of_record
TN:
SF:C:\Data\react-magic\app\i18n.js
FN:19,(anonymous_0)
FN:23,(anonymous_1)
FNF:2
FNH:2
FNDA:5,(anonymous_0)
FNDA:7,(anonymous_1)
DA:13,2
DA:17,2
DA:19,2
DA:20,5
DA:23,5
DA:24,7
DA:25,7
DA:26,1
DA:28,7
DA:32,2
LF:10
LH:10
BRDA:20,0,0,1
BRDA:20,0,1,4
BRDA:25,1,0,1
BRDA:25,1,1,6
BRDA:25,2,0,7
BRDA:25,2,1,1
BRF:6
BRH:6
end_of_record
TN:
SF:C:\Data\react-magic\app\reducers.js
FN:27,routeReducer
FN:42,createReducer
FNF:2
FNH:2
FNDA:49,routeReducer
FNDA:44,createReducer
DA:20,6
DA:28,49
DA:35,49
DA:43,44
LF:4
LH:4
BRDA:27,0,0,39
BRDA:28,1,0,49
BRF:2
BRH:2
end_of_record
TN:
SF:C:\Data\react-magic\app\components\Article\index.js
FN:11,_interopRequireDefault
FN:13,Article
FNF:2
FNH:0
FNDA:0,_interopRequireDefault
FNDA:0,Article
DA:1,0
DA:7,0
DA:10,0
DA:11,0
DA:14,0
DA:23,0
LF:6
LH:0
BRDA:11,0,0,0
BRDA:11,0,1,0
BRDA:11,1,0,0
BRDA:11,1,1,0
BRF:4
BRH:0
end_of_record
TN:
SF:C:\Data\react-magic\app\components\Article\messages.js
FNF:0
FNH:0
DA:1,0
DA:6,0
LF:2
LH:0
BRF:0
BRH:0
end_of_record
TN:
SF:C:\Data\react-magic\app\containers\App\constants.js
FNF:0
FNH:0
DA:12,8
LF:1
LH:1
BRF:0
BRH:0
end_of_record
TN:
SF:C:\Data\react-magic\app\containers\App\index.js
FN:20,App
FNF:1
FNH:1
FNDA:1,App
DA:21,1
LF:1
LH:1
BRF:0
BRH:0
end_of_record
TN:
SF:C:\Data\react-magic\app\containers\App\selectors.js
FN:3,(anonymous_0)
FN:5,(anonymous_1)
FN:7,(anonymous_2)
FNF:3
FNH:3
FNDA:1,(anonymous_0)
FNDA:1,(anonymous_1)
FNDA:1,(anonymous_2)
DA:3,1
DA:5,1
DA:7,1
LF:3
LH:3
BRF:0
BRH:0
end_of_record
TN:
SF:C:\Data\react-magic\app\containers\HomePage\index.js
FN:17,(anonymous_0)
FNF:1
FNH:1
FNDA:1,(anonymous_0)
DA:18,1
LF:1
LH:1
BRF:0
BRH:0
end_of_record
TN:
SF:C:\Data\react-magic\app\containers\HomePage\messages.js
FNF:0
FNH:0
LF:0
LH:0
BRF:0
BRH:0
end_of_record
TN:
SF:C:\Data\react-magic\app\containers\LanguageProvider\actions.js
FN:11,changeLocale
FNF:1
FNH:1
FNDA:1,changeLocale
DA:12,1
LF:1
LH:1
BRF:0
BRH:0
end_of_record
TN:
SF:C:\Data\react-magic\app\containers\LanguageProvider\constants.js
FNF:0
FNH:0
DA:7,8
DA:8,8
LF:2
LH:2
BRF:0
BRH:0
end_of_record
TN:
SF:C:\Data\react-magic\app\containers\LanguageProvider\index.js
FN:18,(anonymous_0)
FN:36,(anonymous_1)
FN:39,mapDispatchToProps
FNF:3
FNH:3
FNDA:2,(anonymous_0)
FNDA:1,(anonymous_1)
FNDA:1,mapDispatchToProps
DA:19,2
DA:27,1
DA:34,1
DA:36,1
DA:40,1
LF:5
LH:5
BRF:0
BRH:0
end_of_record
TN:
SF:C:\Data\react-magic\app\containers\LanguageProvider\reducer.js
FN:20,languageProviderReducer
FNF:1
FNH:1
FNDA:51,languageProviderReducer
DA:16,7
DA:21,51
DA:23,1
DA:26,50
LF:4
LH:4
BRDA:20,0,0,41
BRDA:21,1,0,1
BRDA:21,1,1,50
BRF:3
BRH:3
end_of_record
TN:
SF:C:\Data\react-magic\app\containers\LanguageProvider\selectors.js
FN:6,(anonymous_0)
FN:12,(anonymous_1)
FN:14,(anonymous_2)
FNF:3
FNH:3
FNDA:2,(anonymous_0)
FNDA:1,(anonymous_1)
FNDA:1,(anonymous_2)
DA:6,2
DA:12,2
DA:14,1
LF:3
LH:3
BRF:0
BRH:0
end_of_record
TN:
SF:C:\Data\react-magic\app\containers\NotFoundPage\index.js
FN:18,(anonymous_0)
FNF:1
FNH:1
FNDA:1,(anonymous_0)
DA:19,1
LF:1
LH:1
BRF:0
BRH:0
end_of_record
TN:
SF:C:\Data\react-magic\app\containers\NotFoundPage\messages.js
FNF:0
FNH:0
LF:0
LH:0
BRF:0
BRH:0
end_of_record
TN:
SF:C:\Data\react-magic\app\utils\checkStore.js
FN:9,checkStore
FNF:1
FNH:1
FNDA:13,checkStore
DA:10,13
DA:19,13
LF:2
LH:2
BRF:0
BRH:0
end_of_record
TN:
SF:C:\Data\react-magic\app\utils\constants.js
FNF:0
FNH:0
DA:1,2
DA:2,2
DA:3,2
LF:3
LH:3
BRF:0
BRH:0
end_of_record
TN:
SF:C:\Data\react-magic\app\utils\injectReducer.js
FN:14,(anonymous_0)
FN:14,(anonymous_1)
FN:22,(anonymous_2)
FN:30,(anonymous_3)
FNF:4
FNH:4
FNDA:4,(anonymous_0)
FNDA:4,(anonymous_1)
FNDA:2,(anonymous_2)
FNDA:2,(anonymous_3)
DA:14,4
DA:23,2
DA:25,2
DA:31,2
DA:35,4
LF:5
LH:5
BRDA:20,0,0,4
BRDA:20,0,1,4
BRDA:20,0,2,1
BRF:3
BRH:3
end_of_record
TN:
SF:C:\Data\react-magic\app\utils\injectSaga.js
FN:18,(anonymous_0)
FN:18,(anonymous_1)
FN:26,(anonymous_2)
FN:32,(anonymous_3)
FN:40,(anonymous_4)
FNF:5
FNH:5
FNDA:5,(anonymous_0)
FNDA:5,(anonymous_1)
FNDA:3,(anonymous_2)
FNDA:1,(anonymous_3)
FNDA:3,(anonymous_4)
DA:18,5
DA:27,3
DA:29,3
DA:33,1
DA:35,1
DA:41,3
DA:45,5
LF:7
LH:7
BRDA:24,0,0,5
BRDA:24,0,1,5
BRDA:24,0,2,1
BRF:3
BRH:3
end_of_record
TN:
SF:C:\Data\react-magic\app\utils\reducerInjectors.js
FN:9,injectReducerFactory
FN:10,injectReducer
FN:26,getInjectors
FNF:3
FNH:3
FNDA:8,injectReducerFactory
FNDA:10,injectReducer
FNDA:2,getInjectors
DA:10,8
DA:11,10
DA:13,9
DA:19,6
DA:21,5
DA:22,5
DA:27,2
DA:29,1
LF:8
LH:8
BRDA:11,0,0,1
BRDA:11,0,1,9
BRDA:14,1,0,9
BRDA:14,1,1,7
BRDA:14,1,2,6
BRDA:19,2,0,1
BRDA:19,2,1,5
BRDA:19,3,0,6
BRDA:19,3,1,2
BRF:9
BRH:9
end_of_record
TN:
SF:C:\Data\react-magic\app\utils\sagaInjectors.js
FN:16,(anonymous_0)
FN:21,(anonymous_1)
FN:24,(anonymous_2)
FN:32,injectSagaFactory
FN:33,injectSaga
FN:59,ejectSagaFactory
FN:60,ejectSaga
FN:79,getInjectors
FNF:8
FNH:8
FNDA:36,(anonymous_0)
FNDA:24,(anonymous_1)
FNDA:24,(anonymous_2)
FNDA:21,injectSagaFactory
FNDA:27,injectSaga
FNDA:21,ejectSagaFactory
FNDA:11,ejectSaga
FNDA:2,getInjectors
DA:14,2
DA:16,36
DA:21,2
DA:22,24
DA:24,24
DA:26,24
DA:33,21
DA:34,27
DA:36,26
DA:37,26
DA:39,26
DA:40,24
DA:42,20
DA:44,20
DA:45,16
DA:47,16
DA:48,1
DA:49,1
DA:53,20
DA:54,15
DA:60,21
DA:61,11
DA:63,10
DA:65,8
DA:66,7
DA:67,7
DA:68,4
DA:70,4
DA:72,2
DA:80,2
DA:82,1
LF:31
LH:31
BRDA:17,0,0,36
BRDA:17,0,1,34
BRDA:24,1,0,24
BRDA:24,1,1,23
BRDA:33,2,0,1
BRDA:34,3,0,1
BRDA:34,3,1,26
BRDA:36,4,0,26
BRDA:36,4,1,10
BRDA:44,5,0,16
BRDA:44,5,1,4
BRDA:47,6,0,1
BRDA:47,6,1,15
BRDA:47,7,0,16
BRDA:47,7,1,5
BRDA:53,8,0,15
BRDA:53,8,1,5
BRDA:53,9,0,20
BRDA:53,9,1,5
BRDA:53,9,2,5
BRDA:53,9,3,2
BRDA:61,10,0,1
BRDA:61,10,1,10
BRDA:65,11,0,7
BRDA:65,11,1,1
BRDA:67,12,0,4
BRDA:67,12,1,3
BRDA:70,13,0,2
BRDA:70,13,1,2
BRF:29
BRH:29
end_of_record
